[    1068ms] [LOG] Starting automatic refresh. @ http://localhost:4399/src/stores/ftbotwrapper.ts:309
[    1068ms] [LOG] refreshing_end @ http://localhost:4399/src/stores/ftbotwrapper.ts:303
[    4175ms] [LOG] Starting automatic refresh. @ http://localhost:4399/src/stores/ftbotwrapper.ts:309
[    4175ms] [LOG] refreshing_end @ http://localhost:4399/src/stores/ftbotwrapper.ts:303
[    7272ms] [LOG] Starting automatic refresh. @ http://localhost:4399/src/stores/ftbotwrapper.ts:309
[    7272ms] [LOG] refreshing_end @ http://localhost:4399/src/stores/ftbotwrapper.ts:303
[    7721ms] [LOG] Starting automatic refresh. @ http://localhost:4399/src/stores/ftbotwrapper.ts:309
[    7721ms] [LOG] refreshing_end @ http://localhost:4399/src/stores/ftbotwrapper.ts:303
[    7994ms] [LOG] Starting automatic refresh. @ http://localhost:4399/src/stores/ftbotwrapper.ts:309
[    7994ms] [LOG] refreshing_end @ http://localhost:4399/src/stores/ftbotwrapper.ts:303
[    8130ms] [LOG] Starting automatic refresh. @ http://localhost:4399/src/stores/ftbotwrapper.ts:309
[    8130ms] [LOG] refreshing_end @ http://localhost:4399/src/stores/ftbotwrapper.ts:303
[   12957ms] [LOG] Starting automatic refresh. @ http://localhost:4399/src/stores/ftbotwrapper.ts:309
[   12957ms] [LOG] refreshing_end @ http://localhost:4399/src/stores/ftbotwrapper.ts:303
[   15429ms] [LOG] Starting automatic refresh. @ http://localhost:4399/src/stores/ftbotwrapper.ts:309
[   15429ms] [LOG] refreshing_end @ http://localhost:4399/src/stores/ftbotwrapper.ts:303
[   21197ms] [LOG] Starting automatic refresh. @ http://localhost:4399/src/stores/ftbotwrapper.ts:309
[   21197ms] [LOG] refreshing_end @ http://localhost:4399/src/stores/ftbotwrapper.ts:303
[   25550ms] [LOG] Starting automatic refresh. @ http://localhost:4399/src/stores/ftbotwrapper.ts:309
[   25550ms] [LOG] refreshing_end @ http://localhost:4399/src/stores/ftbotwrapper.ts:303
[   26625ms] [LOG] reset  undefined @ http://localhost:4399/src/components/BotLogin.vue:146
[   31084ms] [LOG] Starting automatic refresh. @ http://localhost:4399/src/stores/ftbotwrapper.ts:309
[   31084ms] [LOG] refreshing_end @ http://localhost:4399/src/stores/ftbotwrapper.ts:303
[   31762ms] [LOG] Starting automatic refresh. @ http://localhost:4399/src/stores/ftbotwrapper.ts:309
[   31762ms] [LOG] refreshing_end @ http://localhost:4399/src/stores/ftbotwrapper.ts:303
[   36033ms] [LOG] Starting automatic refresh. @ http://localhost:4399/src/stores/ftbotwrapper.ts:309
[   36033ms] [LOG] refreshing_end @ http://localhost:4399/src/stores/ftbotwrapper.ts:303
