[      83ms] [LOG] Starting automatic refresh. @ http://localhost:4399/src/stores/ftbotwrapper.ts:309
[      83ms] [LOG] refreshing_end @ http://localhost:4399/src/stores/ftbotwrapper.ts:303
[     110ms] [LOG] reset  undefined @ http://localhost:4399/src/components/BotLogin.vue:146
[     466ms] [LOG] Starting automatic refresh. @ http://localhost:4399/src/stores/ftbotwrapper.ts:309
[     466ms] [LOG] refreshing_end @ http://localhost:4399/src/stores/ftbotwrapper.ts:303
[     494ms] [LOG] reset  undefined @ http://localhost:4399/src/components/BotLogin.vue:146
[    5387ms] [LOG] Starting automatic refresh. @ http://localhost:4399/src/stores/ftbotwrapper.ts:309
[    5387ms] [LOG] refreshing_end @ http://localhost:4399/src/stores/ftbotwrapper.ts:303
[    5423ms] [LOG] reset  undefined @ http://localhost:4399/src/components/BotLogin.vue:146
[    6348ms] [LOG] Starting automatic refresh. @ http://localhost:4399/src/stores/ftbotwrapper.ts:309
[    6348ms] [LOG] refreshing_end @ http://localhost:4399/src/stores/ftbotwrapper.ts:303
[    6364ms] [LOG] reset  undefined @ http://localhost:4399/src/components/BotLogin.vue:146
[   13993ms] [LOG] Starting automatic refresh. @ http://localhost:4399/src/stores/ftbotwrapper.ts:309
[   13993ms] [LOG] refreshing_end @ http://localhost:4399/src/stores/ftbotwrapper.ts:303
[   14026ms] [LOG] reset  undefined @ http://localhost:4399/src/components/BotLogin.vue:146
[   18628ms] [LOG] Starting automatic refresh. @ http://localhost:4399/src/stores/ftbotwrapper.ts:309
[   18629ms] [LOG] refreshing_end @ http://localhost:4399/src/stores/ftbotwrapper.ts:303
[   18692ms] [LOG] reset  undefined @ http://localhost:4399/src/components/BotLogin.vue:146
[   19028ms] [LOG] Starting automatic refresh. @ http://localhost:4399/src/stores/ftbotwrapper.ts:309
[   19028ms] [LOG] refreshing_end @ http://localhost:4399/src/stores/ftbotwrapper.ts:303
[   19059ms] [LOG] reset  undefined @ http://localhost:4399/src/components/BotLogin.vue:146
[   21349ms] [LOG] Starting automatic refresh. @ http://localhost:4399/src/stores/ftbotwrapper.ts:309
[   21349ms] [LOG] refreshing_end @ http://localhost:4399/src/stores/ftbotwrapper.ts:303
[   21367ms] [LOG] reset  undefined @ http://localhost:4399/src/components/BotLogin.vue:146
[   21703ms] [LOG] Starting automatic refresh. @ http://localhost:4399/src/stores/ftbotwrapper.ts:309
[   21703ms] [LOG] refreshing_end @ http://localhost:4399/src/stores/ftbotwrapper.ts:303
[   21747ms] [LOG] reset  undefined @ http://localhost:4399/src/components/BotLogin.vue:146
[   29907ms] [LOG] Starting automatic refresh. @ http://localhost:4399/src/stores/ftbotwrapper.ts:309
[   29907ms] [LOG] refreshing_end @ http://localhost:4399/src/stores/ftbotwrapper.ts:303
[   29932ms] [LOG] reset  undefined @ http://localhost:4399/src/components/BotLogin.vue:146
[   30299ms] [LOG] Starting automatic refresh. @ http://localhost:4399/src/stores/ftbotwrapper.ts:309
[   30299ms] [LOG] refreshing_end @ http://localhost:4399/src/stores/ftbotwrapper.ts:303
[   30314ms] [LOG] reset  undefined @ http://localhost:4399/src/components/BotLogin.vue:146
[   32509ms] [LOG] Starting automatic refresh. @ http://localhost:4399/src/stores/ftbotwrapper.ts:309
[   32509ms] [LOG] refreshing_end @ http://localhost:4399/src/stores/ftbotwrapper.ts:303
[   32537ms] [LOG] reset  undefined @ http://localhost:4399/src/components/BotLogin.vue:146
[   41094ms] [LOG] Starting automatic refresh. @ http://localhost:4399/src/stores/ftbotwrapper.ts:309
[   41094ms] [LOG] refreshing_end @ http://localhost:4399/src/stores/ftbotwrapper.ts:303
[   41121ms] [LOG] reset  undefined @ http://localhost:4399/src/components/BotLogin.vue:146
