[     133ms] [LOG] add bot {botId: ftbot.0, botName: freqtrade, botUrl: http://localhost:8080, sortId: 0} @ http://localhost:3000/assets/index-CXSzRURc.js:27
[     133ms] [LOG] botId ftbot.0 @ http://localhost:3000/assets/index-CXSzRURc.js:27
[     134ms] [LOG] Starting automatic refresh. @ http://localhost:3000/assets/index-CXSzRURc.js:27
[     135ms] [LOG] reset @ http://localhost:3000/assets/index-CXSzRURc.js:28
[     165ms] [ERROR] Failed to load resource: the server responded with a status of 503 (Service Unavailable) @ http://localhost:8080/api/v1/profit:0
[     165ms] [ERROR] Failed to load resource: the server responded with a status of 503 (Service Unavailable) @ http://localhost:8080/api/v1/balance:0
[     165ms] [ERROR] Failed to load resource: the server responded with a status of 503 (Service Unavailable) @ http://localhost:8080/api/v1/blacklist:0
[     165ms] [ERROR] Failed to load resource: the server responded with a status of 503 (Service Unavailable) @ http://localhost:8080/api/v1/trades?limit=500&offset=0:0
[     165ms] [ERROR] {data: Object, status: 503, statusText: Service Unavailable, headers: X, config: Object} @ http://localhost:3000/assets/index-CXSzRURc.js:27
[     165ms] [ERROR] Failed to load resource: the server responded with a status of 503 (Service Unavailable) @ http://localhost:8080/api/v1/whitelist:0
[     194ms] AxiosError: Request failed with status code 503
    at Ff (http://localhost:3000/assets/deepClone-CzjseqfJ.js:7:10317)
    at XMLHttpRequest.g (http://localhost:3000/assets/deepClone-CzjseqfJ.js:7:16428)
    at Fp.request (http://localhost:3000/assets/deepClone-CzjseqfJ.js:9:2125)
    at async He (http://localhost:3000/assets/index-CXSzRURc.js:28:80491)
    at async Promise.all (index 1)
    at async pe (http://localhost:3000/assets/index-CXSzRURc.js:28:75064)
[     173ms] [ERROR] Failed to load resource: the server responded with a status of 503 (Service Unavailable) @ http://localhost:8080/api/v1/whitelist:0
[     173ms] [ERROR] Failed to load resource: the server responded with a status of 503 (Service Unavailable) @ http://localhost:8080/api/v1/blacklist:0
[     178ms] [LOG] refreshing_end @ http://localhost:3000/assets/index-CXSzRURc.js:27
[     195ms] AxiosError: Request failed with status code 503
    at Ff (http://localhost:3000/assets/deepClone-CzjseqfJ.js:7:10317)
    at XMLHttpRequest.g (http://localhost:3000/assets/deepClone-CzjseqfJ.js:7:16428)
[     195ms] AxiosError: Request failed with status code 503
    at Ff (http://localhost:3000/assets/deepClone-CzjseqfJ.js:7:10317)
    at XMLHttpRequest.g (http://localhost:3000/assets/deepClone-CzjseqfJ.js:7:16428)
