[     155ms] [LOG] add bot {botId: ftbot.0, botName: freqtrade, botUrl: http://localhost:8080, sortId: 0} @ http://localhost:3000/assets/index-CXSzRURc.js:27
[     157ms] [LOG] botId ftbot.0 @ http://localhost:3000/assets/index-CXSzRURc.js:27
[     159ms] [LOG] Starting automatic refresh. @ http://localhost:3000/assets/index-CXSzRURc.js:27
[     160ms] [LOG] reset @ http://localhost:3000/assets/index-CXSzRURc.js:28
[     271ms] [ERROR] Failed to load resource: the server responded with a status of 401 (Unauthorized) @ http://localhost:8080/api/v1/show_config:0
[     272ms] [LOG] Refreshing token... @ http://localhost:3000/assets/index-CXSzRURc.js:27
[     277ms] [ERROR] Failed to load resource: the server responded with a status of 401 (Unauthorized) @ http://localhost:8080/api/v1/profit:0
[     278ms] [ERROR] Failed to load resource: the server responded with a status of 401 (Unauthorized) @ http://localhost:8080/api/v1/trades?limit=500&offset=0:0
[     278ms] [LOG] Refreshing token... @ http://localhost:3000/assets/index-CXSzRURc.js:27
[     278ms] [LOG] Refreshing token... @ http://localhost:3000/assets/index-CXSzRURc.js:27
[     279ms] [ERROR] Failed to load resource: the server responded with a status of 401 (Unauthorized) @ http://localhost:8080/api/v1/whitelist:0
[     279ms] [LOG] Refreshing token... @ http://localhost:3000/assets/index-CXSzRURc.js:27
[     279ms] [ERROR] Failed to load resource: the server responded with a status of 401 (Unauthorized) @ http://localhost:8080/api/v1/balance:0
[     280ms] [LOG] Refreshing token... @ http://localhost:3000/assets/index-CXSzRURc.js:27
[     285ms] [ERROR] Failed to load resource: the server responded with a status of 401 (Unauthorized) @ http://localhost:8080/api/v1/blacklist:0
[     286ms] [ERROR] Failed to load resource: the server responded with a status of 401 (Unauthorized) @ http://localhost:8080/api/v1/show_config:0
[     286ms] [LOG] Refreshing token... @ http://localhost:3000/assets/index-CXSzRURc.js:27
[     286ms] [LOG] Refreshing token... @ http://localhost:3000/assets/index-CXSzRURc.js:27
[     304ms] [ERROR] Failed to load resource: the server responded with a status of 503 (Service Unavailable) @ http://localhost:8080/api/v1/whitelist:0
[     304ms] [LOG] AxiosError: Request failed with status code 503
    at Ff (http://localhost:3000/assets/deepClone-CzjseqfJ.js:7:10317)
    at XMLHttpRequest.g (http://localhost:3000/assets/deepClone-CzjseqfJ.js:7:16428) @ http://localhost:3000/assets/index-CXSzRURc.js:27
[     358ms] TypeError: Cannot destructure property 'data' of '(intermediate value)' as it is undefined.
    at Ge (http://localhost:3000/assets/index-CXSzRURc.js:28:80659)
    at async Promise.all (index 5)
    at async pe (http://localhost:3000/assets/index-CXSzRURc.js:28:75064)
[     304ms] [ERROR] Failed to load resource: the server responded with a status of 503 (Service Unavailable) @ http://localhost:8080/api/v1/profit:0
[     304ms] [LOG] AxiosError: Request failed with status code 503
    at Ff (http://localhost:3000/assets/deepClone-CzjseqfJ.js:7:10317)
    at XMLHttpRequest.g (http://localhost:3000/assets/deepClone-CzjseqfJ.js:7:16428) @ http://localhost:3000/assets/index-CXSzRURc.js:27
[     305ms] [ERROR] Failed to load resource: the server responded with a status of 503 (Service Unavailable) @ http://localhost:8080/api/v1/trades?limit=500&offset=0:0
[     305ms] [ERROR] Failed to load resource: the server responded with a status of 503 (Service Unavailable) @ http://localhost:8080/api/v1/blacklist:0
[     305ms] [LOG] AxiosError: Request failed with status code 503
    at Ff (http://localhost:3000/assets/deepClone-CzjseqfJ.js:7:10317)
    at XMLHttpRequest.g (http://localhost:3000/assets/deepClone-CzjseqfJ.js:7:16428) @ http://localhost:3000/assets/index-CXSzRURc.js:27
[     306ms] [LOG] AxiosError: Request failed with status code 503
    at Ff (http://localhost:3000/assets/deepClone-CzjseqfJ.js:7:10317)
    at XMLHttpRequest.g (http://localhost:3000/assets/deepClone-CzjseqfJ.js:7:16428) @ http://localhost:3000/assets/index-CXSzRURc.js:27
[     306ms] [ERROR] Failed to load resource: the server responded with a status of 503 (Service Unavailable) @ http://localhost:8080/api/v1/balance:0
[     306ms] [LOG] AxiosError: Request failed with status code 503
    at Ff (http://localhost:3000/assets/deepClone-CzjseqfJ.js:7:10317)
    at XMLHttpRequest.g (http://localhost:3000/assets/deepClone-CzjseqfJ.js:7:16428) @ http://localhost:3000/assets/index-CXSzRURc.js:27
[     321ms] [LOG] refreshing_end @ http://localhost:3000/assets/index-CXSzRURc.js:27
